Change log for Universal Android Toolkit

Beta 0.6
Added SettingsUI class
Added full functionality to SettingsUI.
Added ability to change LAF to custom. (Lists all installed LAFs, allows user to choose.)
Added (semi) fix for UI freezing when executing commands (placed all methods in seperate threads).
Added menu (and shortcut) to SettingsUI in SimpleUI.
Changed layout of controls in SimpleUI (used JPanels to make things neater.)
Added dialog box when closing SettingsUI, noting that a restart of the program is required after settings have been saved.
Added new icons to display battery temp. and health.
Hid old/unused icons via a [.]. Only works on BSD-Like systems (Linux, Mac OS!)
Added JLabels to display battery information, added controls for advanced fastboot functionality.
Added JLabels to display root information.
Added JLabel and a JList to display CPU information.
Added controls for Build.Prop manager.
Added control functionality to Android tab in AdvancedUI.
Added functionality to device info "strip" at the bottom of AdvancedUI.
Added a menu to the menu bar. - No functionality there, though.
Improved device information-pulling speed.
Added German translation (sort of...)
Added new backup engine (Will sort out all sorts of backup, restore and EFS functionality.)
Added new setting "zipEfs" - Will control whether backed up EFS-partitions should be zipped (compressed).
 - Added AdvancedUI
 - Added BUILD.PROP editor.
 - Added new theme (TinyLAF)
 - Optimized code.
 - Minimized code.
 - Added JVM monitor (for debugging purposes)
 - Added advanced device information
 - Added advanced device flashing tools.


Beta 0.5.1
Changed default look and feel to Nimbus, to ensure cross-platform look-alike.
Changed the way Universal Android Toolkit works with JDroidLib.
Fixed some brainfarts.

Beta 0.2 - 0.4
Added AdvancedUI class
Minor bug fixes

Beta 0.1
Merged all projects (Win, Mac, Linux) into one.
Added JDroidLib
Added SettingsManager, SimpleUI, ConnectWirelessy and ExecuteCMD classes
Added controls for SimpleUI, added methods.
Added battery level metre (I'm British, so DON'T correct me.)
Released first Java beta.