#
# A fatal error has been detected by the Java Runtime Environment:
#
#  SIGSEGV (0xb) at pc=0x00007fae6c0ac320, pid=17180, tid=140387166209792
#
# JRE version: Java(TM) SE Runtime Environment (7.0_51-b13) (build 1.7.0_51-b13)
# Java VM: Java HotSpot(TM) 64-Bit Server VM (24.51-b03 mixed mode linux-amd64 compressed oops)
# Problematic frame:
# C  0x00007fae6c0ac320
#
# Failed to write core dump. Core dumps have been disabled. To enable core dumping, try "ulimit -c unlimited" before starting Java again
#
# If you would like to submit a bug report, please visit:
#   http://bugreport.sun.com/bugreport/crash.jsp
#

---------------  T H R E A D  ---------------

Current thread is native thread

siginfo:si_signo=SIGSEGV: si_errno=0, si_code=2 (SEGV_ACCERR), si_addr=0x00007fae6c0ac320

Registers:
RAX=0x00007fae6c0ac320, RBX=0x00007fae6f2c4a38, RCX=0x0000000000000001, RDX=0x0000000000000001
RSP=0x00007fae6f2c3e68, RBP=0x00007faea2fa3308, RSI=0x00007fae6f2c4700, RDI=0x000000000161dcf0
R8 =0x0000000000000000, R9 =0x0000000000004335, R10=0x0000000000000008, R11=0x0000000000000246
R12=0x000000000000001e, R13=0x0000000000000000, R14=0x00007faea2fa32e0, R15=0x0000000000000004
RIP=0x00007fae6c0ac320, EFLAGS=0x0000000000010202, CSGSFS=0x0000000000000033, ERR=0x0000000000000015
  TRAPNO=0x000000000000000e

Top of Stack: (sp=0x00007fae6f2c3e68)
0x00007fae6f2c3e68:   00007faea2d92d72 0000000000000000
0x00007fae6f2c3e78:   0000000000000000 0000000000000000
0x00007fae6f2c3e88:   0000000000000000 00007faea31cb060
0x00007fae6f2c3e98:   00007fae6f3c3730 0000000000000000
0x00007fae6f2c3ea8:   00007faea2d92f7c 0000000000000000
0x00007fae6f2c3eb8:   00007fae6f2c4700 00007fae6f2c4700
0x00007fae6f2c3ec8:   184fb16693b199c7 0000000000000000
0x00007fae6f2c3ed8:   00007faea31cb060 00007fae6f3c3730
0x00007fae6f2c3ee8:   0000000000000000 e7136f3eeed199c7
0x00007fae6f2c3ef8:   e712f4d4cddf99c7 0000000000000000
0x00007fae6f2c3f08:   0000000000000000 0000000000000000
0x00007fae6f2c3f18:   0000000000000000 0000000000000000
0x00007fae6f2c3f28:   0000000000000000 0000000000000000
0x00007fae6f2c3f38:   0000000000000000 0000000000000000
0x00007fae6f2c3f48:   0000000000000000 0000000000000000
0x00007fae6f2c3f58:   0000000000000000 0000000000000000
0x00007fae6f2c3f68:   0000000000000000 0000000000000000
0x00007fae6f2c3f78:   0000000000000000 0000000000000000
0x00007fae6f2c3f88:   0000000000000000 0000000000000000
0x00007fae6f2c3f98:   0000000000000000 0000000000000000
0x00007fae6f2c3fa8:   0000000000000000 00007fae6f2c4700
0x00007fae6f2c3fb8:   00007faea26a29cd 0000000000000000
0x00007fae6f2c3fc8:   0000000000000000 0000000000000000
0x00007fae6f2c3fd8:   0000000000000000 0000000000000000
0x00007fae6f2c3fe8:   0000000000000000 0000000000000000
0x00007fae6f2c3ff8:   0000000000000000 0000000000000000
0x00007fae6f2c4008:   0000000000000000 0000000000000000
0x00007fae6f2c4018:   0000000000000000 0000000000000000
0x00007fae6f2c4028:   0000000000000000 0000000000000000
0x00007fae6f2c4038:   0000000000000000 0000000000000000
0x00007fae6f2c4048:   0000000000000000 0000000000000000
0x00007fae6f2c4058:   0000000000000000 0000000000000000 

Instructions: (pc=0x00007fae6c0ac320)
0x00007fae6c0ac300:   00 00 00 00 00 00 00 00 00 00 00 00 00 00 00 00
0x00007fae6c0ac310:   00 00 00 00 00 00 00 00 00 00 00 00 00 00 00 00
0x00007fae6c0ac320:   00 00 00 00 00 00 00 00 00 00 00 00 00 00 00 00
0x00007fae6c0ac330:   00 00 00 00 00 00 00 00 00 00 00 00 00 00 00 00 

Register to memory mapping:

RAX=0x00007fae6c0ac320 is an unknown value
RBX=0x00007fae6f2c4a38 is an unknown value
RCX=0x0000000000000001 is an unknown value
RDX=0x0000000000000001 is an unknown value
RSP=0x00007fae6f2c3e68 is an unknown value
RBP=0x00007faea2fa3308: <offset 0x218308> in /lib/x86_64-linux-gnu/libpthread.so.0 at 0x00007faea2d8b000
RSI=0x00007fae6f2c4700 is an unknown value
RDI=0x000000000161dcf0 is an unknown value
R8 =0x0000000000000000 is an unknown value
R9 =0x0000000000004335 is an unknown value
R10=0x0000000000000008 is an unknown value
R11=0x0000000000000246 is an unknown value
R12=0x000000000000001e is an unknown value
R13=0x0000000000000000 is an unknown value
R14=0x00007faea2fa32e0: <offset 0x2182e0> in /lib/x86_64-linux-gnu/libpthread.so.0 at 0x00007faea2d8b000
R15=0x0000000000000004 is an unknown value


Stack: [0x00007fae6f1c4000,0x00007fae6f2c5000],  sp=0x00007fae6f2c3e68,  free space=1023k
Native frames: (J=compiled Java code, j=interpreted, Vv=VM code, C=native code)
C  0x00007fae6c0ac320


---------------  P R O C E S S  ---------------

VM state:not at safepoint (normal execution)

VM Mutex/Monitor currently owned by a thread: None

Heap
 PSYoungGen      total 18432K, used 7586K [0x00000000ebc00000, 0x00000000ed080000, 0x0000000100000000)
  eden space 15872K, 31% used [0x00000000ebc00000,0x00000000ec0ef7d0,0x00000000ecb80000)
  from space 2560K, 98% used [0x00000000ecb80000,0x00000000ecdf9330,0x00000000ece00000)
  to   space 2560K, 0% used [0x00000000ece00000,0x00000000ece00000,0x00000000ed080000)
 ParOldGen       total 41472K, used 3333K [0x00000000c3400000, 0x00000000c5c80000, 0x00000000ebc00000)
  object space 41472K, 8% used [0x00000000c3400000,0x00000000c3741530,0x00000000c5c80000)
 PSPermGen       total 21504K, used 14084K [0x00000000be200000, 0x00000000bf700000, 0x00000000c3400000)
  object space 21504K, 65% used [0x00000000be200000,0x00000000befc1040,0x00000000bf700000)

Card table byte_map: [0x00007faea0196000,0x00007faea03a6000] byte_map_base: 0x00007fae9fba5000

Polling page: 0x00007faea31c7000

Code Cache  [0x00007fae99000000, 0x00007fae99270000, 0x00007fae9c000000)
 total_blobs=631 nmethods=117 adapters=468 free_code_cache=48340Kb largest_free_block=49477248

Compilation events (10 events):
Event: 12,026 Thread 0x00007fae9c090800  113             java.util.HashMap::put (142 bytes)
Event: 12,049 Thread 0x00007fae9c090800 nmethod 113 0x00007fae990c8310 code [0x00007fae990c8500, 0x00007fae990c8b10]
Event: 12,067 Thread 0x00007fae9c08d800  114             sun.awt.SunToolkit::isInstanceOf (71 bytes)
Event: 12,092 Thread 0x00007fae9c08d800 nmethod 114 0x00007fae990cc490 code [0x00007fae990cc660, 0x00007fae990ccd40]
Event: 12,226 Thread 0x00007fae9c090800  115             java.util.concurrent.locks.ReentrantLock::lock (8 bytes)
Event: 12,236 Thread 0x00007fae9c08d800  116             java.util.concurrent.locks.ReentrantLock$NonfairSync::lock (25 bytes)
Event: 12,239 Thread 0x00007fae9c08d800 nmethod 116 0x00007fae990cbfd0 code [0x00007fae990cc140, 0x00007fae990cc2a8]
Event: 12,249 Thread 0x00007fae9c090800 nmethod 115 0x00007fae990cd290 code [0x00007fae990cd400, 0x00007fae990cd588]
Event: 12,578 Thread 0x00007fae9c08d800  117             sun.awt.IconInfo::intArrayToLongArray (28 bytes)
Event: 12,585 Thread 0x00007fae9c08d800 nmethod 117 0x00007fae990c7f10 code [0x00007fae990c8060, 0x00007fae990c8238]

GC Heap History (2 events):
Event: 10,874 GC heap before
{Heap before GC invocations=1 (full 0):
 PSYoungGen      total 18432K, used 15872K [0x00000000ebc00000, 0x00000000ed080000, 0x0000000100000000)
  eden space 15872K, 100% used [0x00000000ebc00000,0x00000000ecb80000,0x00000000ecb80000)
  from space 2560K, 0% used [0x00000000ece00000,0x00000000ece00000,0x00000000ed080000)
  to   space 2560K, 0% used [0x00000000ecb80000,0x00000000ecb80000,0x00000000ece00000)
 ParOldGen       total 41472K, used 0K [0x00000000c3400000, 0x00000000c5c80000, 0x00000000ebc00000)
  object space 41472K, 0% used [0x00000000c3400000,0x00000000c3400000,0x00000000c5c80000)
 PSPermGen       total 21504K, used 13474K [0x00000000be200000, 0x00000000bf700000, 0x00000000c3400000)
  object space 21504K, 62% used [0x00000000be200000,0x00000000bef28ab0,0x00000000bf700000)
Event: 10,937 GC heap after
Heap after GC invocations=1 (full 0):
 PSYoungGen      total 18432K, used 2532K [0x00000000ebc00000, 0x00000000ed080000, 0x0000000100000000)
  eden space 15872K, 0% used [0x00000000ebc00000,0x00000000ebc00000,0x00000000ecb80000)
  from space 2560K, 98% used [0x00000000ecb80000,0x00000000ecdf9330,0x00000000ece00000)
  to   space 2560K, 0% used [0x00000000ece00000,0x00000000ece00000,0x00000000ed080000)
 ParOldGen       total 41472K, used 3333K [0x00000000c3400000, 0x00000000c5c80000, 0x00000000ebc00000)
  object space 41472K, 8% used [0x00000000c3400000,0x00000000c3741530,0x00000000c5c80000)
 PSPermGen       total 21504K, used 13474K [0x00000000be200000, 0x00000000bf700000, 0x00000000c3400000)
  object space 21504K, 62% used [0x00000000be200000,0x00000000bef28ab0,0x00000000bf700000)
}

Deoptimization events (4 events):
Event: 8,570 Thread 0x00007fae5400c800 Uncommon trap: reason=class_check action=maybe_recompile pc=0x00007fae99082a4c method=java.lang.String.equals(Ljava/lang/Object;)Z @ 8
Event: 8,570 Thread 0x00007fae5400c800 Uncommon trap: reason=class_check action=maybe_recompile pc=0x00007fae99082a4c method=java.lang.String.equals(Ljava/lang/Object;)Z @ 8
Event: 8,570 Thread 0x00007fae5400c800 Uncommon trap: reason=class_check action=maybe_recompile pc=0x00007fae99082a4c method=java.lang.String.equals(Ljava/lang/Object;)Z @ 8
Event: 8,570 Thread 0x00007fae5400c800 Uncommon trap: reason=class_check action=maybe_recompile pc=0x00007fae99082a4c method=java.lang.String.equals(Ljava/lang/Object;)Z @ 8

Internal exceptions (10 events):
Event: 11,094 Thread 0x00007fae5400c800 Threw 0x00000000ebdcd6f8 at /HUDSON/workspace/7u-2-build-linux-amd64@2/jdk7u51/527/hotspot/src/share/vm/prims/jvm.cpp:1244
Event: 11,096 Thread 0x00007fae5400c800 Threw 0x00000000ebdd0e68 at /HUDSON/workspace/7u-2-build-linux-amd64@2/jdk7u51/527/hotspot/src/share/vm/prims/jvm.cpp:1244
Event: 11,098 Thread 0x00007fae5400c800 Threw 0x00000000ebdd54a0 at /HUDSON/workspace/7u-2-build-linux-amd64@2/jdk7u51/527/hotspot/src/share/vm/prims/jvm.cpp:1244
Event: 11,099 Thread 0x00007fae5400c800 Threw 0x00000000ebdd8c10 at /HUDSON/workspace/7u-2-build-linux-amd64@2/jdk7u51/527/hotspot/src/share/vm/prims/jvm.cpp:1244
Event: 11,150 Thread 0x00007fae5400c800 Threw 0x00000000ebdfe850 at /HUDSON/workspace/7u-2-build-linux-amd64@2/jdk7u51/527/hotspot/src/share/vm/prims/jvm.cpp:1244
Event: 11,155 Thread 0x00007fae5400c800 Threw 0x00000000ebe67868 at /HUDSON/workspace/7u-2-build-linux-amd64@2/jdk7u51/527/hotspot/src/share/vm/prims/jvm.cpp:1244
Event: 11,158 Thread 0x00007fae5400c800 Threw 0x00000000ebe6c6b0 at /HUDSON/workspace/7u-2-build-linux-amd64@2/jdk7u51/527/hotspot/src/share/vm/prims/jvm.cpp:1244
Event: 11,160 Thread 0x00007fae5400c800 Threw 0x00000000ebe70190 at /HUDSON/workspace/7u-2-build-linux-amd64@2/jdk7u51/527/hotspot/src/share/vm/prims/jvm.cpp:1244
Event: 11,828 Thread 0x00007fae5400c800 Threw 0x00000000ebf67bd0 at /HUDSON/workspace/7u-2-build-linux-amd64@2/jdk7u51/527/hotspot/src/share/vm/prims/jvm.cpp:1244
Event: 12,557 Thread 0x00000000015ea000 Threw 0x00000000ec033b28 at /HUDSON/workspace/7u-2-build-linux-amd64@2/jdk7u51/527/hotspot/src/share/vm/prims/jvm.cpp:1244

Events (10 events):
Event: 12,574 Executing VM operation: RevokeBias done
Event: 12,589 loading class 0x00007fae7c058950
Event: 12,589 loading class 0x00007fae7c058950 done
Event: 12,590 loading class 0x00007fae9c0e9fe0
Event: 12,590 loading class 0x00007fae9c0e9fe0 done
Event: 12,590 loading class 0x00007fae7c03e770
Event: 12,590 loading class 0x00007fae7c03e770 done
Event: 12,592 Executing VM operation: RevokeBias
Event: 12,592 Executing VM operation: RevokeBias done
Event: 12,595 Thread 0x00007fae5400c800 Thread exited: 0x00007fae5400c800


Dynamic libraries:
00400000-00401000 r-xp 00000000 08:02 1837553                            /home/beatsleigher/jdk1.7.0_51/bin/java
00600000-00601000 rw-p 00000000 08:02 1837553                            /home/beatsleigher/jdk1.7.0_51/bin/java
01551000-01983000 rw-p 00000000 00:00 0                                  [heap]
be200000-bf700000 rw-p 00000000 00:00 0 
bf700000-c3400000 rw-p 00000000 00:00 0 
c3400000-c5c80000 rw-p 00000000 00:00 0 
c5c80000-ebc00000 rw-p 00000000 00:00 0 
ebc00000-ed080000 rw-p 00000000 00:00 0 
ed080000-100000000 rw-p 00000000 00:00 0 
7fae52a27000-7fae52ba9000 rw-s 00000000 00:04 38076468                   /SYSV00000000 (deleted)
7fae52ba9000-7fae52bac000 ---p 00000000 00:00 0 
7fae52bac000-7fae52caa000 rw-p 00000000 00:00 0                          [stack:17233]
7fae52caa000-7fae52d49000 rw-s 00000000 00:04 38043698                   /SYSV00000000 (deleted)
7fae52d49000-7fae52da9000 rw-s 00000000 00:04 38010928                   /SYSV00000000 (deleted)
7fae52da9000-7fae52f37000 rw-p 00000000 00:00 0 
7fae52f37000-7fae52ffe000 rw-s 00000000 00:04 37978159                   /SYSV00000000 (deleted)
7fae52ffe000-7fae52fff000 ---p 00000000 00:00 0 
7fae52fff000-7fae537ff000 rw-p 00000000 00:00 0                          [stack:17217]
7fae537ff000-7fae53800000 ---p 00000000 00:00 0 
7fae53800000-7fae54000000 rw-p 00000000 00:00 0                          [stack:17216]
7fae54000000-7fae5408b000 rw-p 00000000 00:00 0 
7fae5408b000-7fae58000000 ---p 00000000 00:00 0 
7fae58014000-7fae58017000 ---p 00000000 00:00 0 
7fae58017000-7fae5804d000 rw-p 00000000 00:00 0                          [stack:17224]
7fae5804d000-7fae58052000 rw-s 00000000 00:04 37945389                   /SYSV00000000 (deleted)
7fae58052000-7fae580b8000 r--p 00000000 08:02 3932873                    /usr/share/fonts/truetype/ubuntu-font-family/Ubuntu-L.ttf
7fae580b8000-7fae5810a000 r--p 00000000 08:02 3932714                    /usr/share/fonts/truetype/dejavu/DejaVuSansMono.ttf
7fae5810a000-7fae58161000 r--p 00000000 08:02 3932877                    /usr/share/fonts/truetype/ubuntu-font-family/Ubuntu-R.ttf
7fae58161000-7fae5817a000 r--s 00000000 08:02 3932899                    /usr/share/fonts/type1/gsfonts/b018012l.pfb
7fae5817a000-7fae5818c000 r--s 00000000 08:02 3932908                    /usr/share/fonts/type1/gsfonts/b018035l.pfb
7fae5818c000-7fae581a4000 r--s 00000000 08:02 3932920                    /usr/share/fonts/type1/gsfonts/c059036l.pfb
7fae581a4000-7fae581bf000 r--s 00000000 08:02 3932974                    /usr/share/fonts/type1/gsfonts/p052003l.pfb
7fae581bf000-7fae581db000 r--s 00000000 08:02 3932983                    /usr/share/fonts/type1/gsfonts/p052024l.pfb
7fae581db000-7fae581ec000 r--s 00000000 08:02 3932896                    /usr/share/fonts/type1/gsfonts/a010035l.pfb
7fae581ec000-7fae581fc000 r--s 00000000 08:02 3932893                    /usr/share/fonts/type1/gsfonts/a010033l.pfb
7fae581fc000-7fae58216000 r--s 00000000 08:02 3932911                    /usr/share/fonts/type1/gsfonts/c059013l.pfb
7fae58216000-7fae58229000 r--s 00000000 08:02 3932902                    /usr/share/fonts/type1/gsfonts/b018015l.pfb
7fae58229000-7fae5823e000 r--s 00000000 08:02 3932905                    /usr/share/fonts/type1/gsfonts/b018032l.pfb
7fae5823e000-7fae58255000 r--s 00000000 08:02 3932989                    /usr/share/fonts/type1/gsfonts/z003034l.pfb
7fae58255000-7fae58270000 r--s 00000000 08:02 3932980                    /usr/share/fonts/type1/gsfonts/p052023l.pfb
7fae58270000-7fae58282000 r--s 00000000 08:02 3932941                    /usr/share/fonts/type1/gsfonts/n019044l.pfb
7fae58282000-7fae5828b000 r--s 00000000 08:02 3932986                    /usr/share/fonts/type1/gsfonts/s050000l.pfb
7fae5828b000-7fae582a6000 r--s 00000000 08:02 3932914                    /usr/share/fonts/type1/gsfonts/c059016l.pfb
7fae582a6000-7fae582b7000 r--s 00000000 08:02 3932944                    /usr/share/fonts/type1/gsfonts/n019063l.pfb
7fae582b7000-7fae582d2000 r--s 00000000 08:02 3932977                    /usr/share/fonts/type1/gsfonts/p052004l.pfb
7fae582d2000-7fae582ea000 r--s 00000000 08:02 3932917                    /usr/share/fonts/type1/gsfonts/c059033l.pfb
7fae582ea000-7fae582f6000 r--s 00000000 08:02 3932923                    /usr/share/fonts/type1/gsfonts/d050000l.pfb
7fae582f6000-7fae58306000 r--s 00000000 08:02 3932890                    /usr/share/fonts/type1/gsfonts/a010015l.pfb
7fae58306000-7fae58319000 r--s 00000000 08:02 3932947                    /usr/share/fonts/type1/gsfonts/n019064l.pfb
7fae58319000-7fae58329000 r--s 00000000 08:02 3932887                    /usr/share/fonts/type1/gsfonts/a010013l.pfb
7fae58329000-7fae5833b000 r--s 00000000 08:02 3932938                    /usr/share/fonts/type1/gsfonts/n019043l.pfb
7fae5833b000-7fae58345000 r--s 00000000 08:02 3417137                    /usr/share/fonts/X11/Type1/c0582bt_.pfb
7fae58345000-7fae5834e000 r--s 00000000 08:02 3417145                    /usr/share/fonts/X11/Type1/c0633bt_.pfb
7fae5834e000-7fae58357000 r--s 00000000 08:02 3417149                    /usr/share/fonts/X11/Type1/c0649bt_.pfb
7fae58357000-7fae58360000 r--s 00000000 08:02 3417143                    /usr/share/fonts/X11/Type1/c0632bt_.pfb
7fae58360000-7fae5836a000 r--s 00000000 08:02 3417141                    /usr/share/fonts/X11/Type1/c0611bt_.pfb
7fae5836a000-7fae58374000 r--s 00000000 08:02 3417139                    /usr/share/fonts/X11/Type1/c0583bt_.pfb
7fae58374000-7fae5837e000 r--s 00000000 08:02 3417135                    /usr/share/fonts/X11/Type1/c0419bt_.pfb
7fae5837e000-7fae58388000 r--s 00000000 08:02 3932992                    /usr/share/fonts/type1/mathml/Symbol.pfb
7fae58388000-7fae58391000 r--s 00000000 08:02 3417147                    /usr/share/fonts/X11/Type1/c0648bt_.pfb
7fae58391000-7fae58392000 r--s 00000000 08:02 524522                     /var/cache/fontconfig/c05880de57d1f5e948fdfacc138775d9-le64.cache-4
7fae58392000-7fae5839d000 r--s 00000000 08:02 524515                     /var/cache/fontconfig/945677eb7aeaf62f1d50efc3fb3ec7d8-le64.cache-4
7fae5839d000-7fae5839f000 r--s 00000000 08:02 524517                     /var/cache/fontconfig/99e8ed0e538f840c565b6ed5dad60d56-le64.cache-4
7fae5839f000-7fae583a8000 r--s 00000000 08:02 534438                     /var/cache/fontconfig/a6d8cf8e4ec09cdbc8633c31745a07dd-le64.cache-4
7fae583a8000-7fae583ae000 r--s 00000000 08:02 524500                     /var/cache/fontconfig/2cd17615ca594fa2959ae173292e504c-le64.cache-4
7fae583ae000-7fae583af000 r--s 00000000 08:02 524533                     /var/cache/fontconfig/e7071f4a29fa870f4323321c154eba04-le64.cache-4
7fae583af000-7fae583b0000 r--s 00000000 08:02 524497                     /var/cache/fontconfig/0d8c3b2ac0904cb8a57a757ad11a4a08-le64.cache-4
7fae583b0000-7fae583b7000 r--s 00000000 08:02 524519                     /var/cache/fontconfig/a755afe4a08bf5b97852ceb7400b47bc-le64.cache-4
7fae583b7000-7fae583bb000 r--s 00000000 08:02 524510                     /var/cache/fontconfig/6d41288fd70b0be22e8c3a91e032eec0-le64.cache-4
7fae583bb000-7fae583cf000 r--s 00000000 08:02 524495                     /var/cache/fontconfig/04aabc0a78ac019cf9454389977116d2-le64.cache-4
7fae583cf000-7fae583d0000 r--s 00000000 08:02 524499                     /var/cache/fontconfig/1ac9eb803944fde146138c791f5cc56a-le64.cache-4
7fae583d0000-7fae583d4000 r--s 00000000 08:02 524504                     /var/cache/fontconfig/385c0604a188198f04d133e54aba7fe7-le64.cache-4
7fae583d4000-7fae583d5000 r--s 00000000 08:02 524530                     /var/cache/fontconfig/dc05db6664285cc2f12bf69c139ae4c3-le64.cache-4
7fae583d5000-7fae583d7000 r--s 00000000 08:02 524512                     /var/cache/fontconfig/767a8244fc0220cfb567a839d0392e0b-le64.cache-4
7fae583d7000-7fae583d9000 r--s 00000000 08:02 524501                     /var/cache/fontconfig/2fe16cf53f8bd2da9ea33d9eb6e69eee-le64.cache-4
7fae583d9000-7fae583da000 r--s 00000000 08:02 526377                     /var/cache/fontconfig/4794a0821666d79190d59a36cb4f44b5-le64.cache-4
7fae583da000-7fae583dd000 r--s 00000000 08:02 524514                     /var/cache/fontconfig/8801497958630a81b71ace7c5f9b32a8-le64.cache-4
7fae583dd000-7fae58418000 r--s 00000000 08:02 534597                     /var/cache/fontconfig/365b55f210c0a22e9a19e35191240f32-le64.cache-4
7fae58418000-7fae5841c000 r--s 00000000 08:02 524523                     /var/cache/fontconfig/c57959a16110560c8d0fcea73374aeeb-le64.cache-4
7fae5841c000-7fae58423000 r--s 00000000 08:02 524502                     /var/cache/fontconfig/3047814df9a2f067bd2d96a2b9c36e5a-le64.cache-4
7fae58423000-7fae58424000 r--s 00000000 08:02 524507                     /var/cache/fontconfig/56cf4f4769d0f4abc89a4895d7bd3ae1-le64.cache-4
7fae58424000-7fae58425000 r--s 00000000 08:02 524521                     /var/cache/fontconfig/b9d506c9ac06c20b433354fa67a72993-le64.cache-4
7fae58425000-7fae5842b000 r--s 00000000 08:02 524520                     /var/cache/fontconfig/b47c4e1ecd0709278f4910c18777a504-le64.cache-4
7fae5842b000-7fae58434000 r--s 00000000 08:02 534437                     /var/cache/fontconfig/52f7bdb7ce746bfd7eaa1985bd9cfa93-le64.cache-4
7fae58434000-7fae58447000 r--s 00000000 08:02 524527                     /var/cache/fontconfig/d52a8644073d54c13679302ca1180695-le64.cache-4
7fae58447000-7fae58450000 r--s 00000000 08:02 524531                     /var/cache/fontconfig/3f7329c5293ffd510edef78f73874cfd-le64.cache-4
7fae58450000-7fae5845c000 r--s 00000000 08:02 534594                     /var/cache/fontconfig/d589a48862398ed80a3d6066f4f56f4c-le64.cache-4
7fae5845c000-7fae5845d000 r--s 00000000 08:02 524496                     /var/cache/fontconfig/0c9eb80ebd1c36541ebe2852d3bb0c49-le64.cache-4
7fae5845d000-7fae58460000 r--s 00000000 08:02 534436                     /var/cache/fontconfig/e13b20fdb08344e0e664864cc2ede53d-le64.cache-4
7fae58460000-7fae58461000 r--s 00000000 08:02 1842816                    /home/beatsleigher/.cache/fontconfig/0d0222ddcd08c13b992f7c042c6a56e3-le64.cache-4
7fae58461000-7fae58477000 r--s 00000000 08:02 3932971                    /usr/share/fonts/type1/gsfonts/n022024l.pfb
7fae58477000-7fae5848f000 r--s 00000000 08:02 3932962                    /usr/share/fonts/type1/gsfonts/n022003l.pfb
7fae5848f000-7fae584a0000 r--s 00000000 08:02 3932935                    /usr/share/fonts/type1/gsfonts/n019024l.pfb
7fae584a0000-7fae584b9000 r--s 00000000 08:02 3932953                    /usr/share/fonts/type1/gsfonts/n021004l.pfb
7fae584b9000-7fae584cb000 r--s 00000000 08:02 3932929                    /usr/share/fonts/type1/gsfonts/n019004l.pfb
7fae584cb000-7fae584e4000 r--s 00000000 08:02 3932965                    /usr/share/fonts/type1/gsfonts/n022004l.pfb
7fae584e4000-7fae584fd000 r--s 00000000 08:02 3932950                    /usr/share/fonts/type1/gsfonts/n021003l.pfb
7fae584fd000-7fae5850d000 r-xp 00000000 08:02 4460360                    /lib/x86_64-linux-gnu/libudev.so.1.3.5
7fae5850d000-7fae5870c000 ---p 00010000 08:02 4460360                    /lib/x86_64-linux-gnu/libudev.so.1.3.5
7fae5870c000-7fae5870d000 r--p 0000f000 08:02 4460360                    /lib/x86_64-linux-gnu/libudev.so.1.3.5
7fae5870d000-7fae5870e000 rw-p 00010000 08:02 4460360                    /lib/x86_64-linux-gnu/libudev.so.1.3.5
7fae5870e000-7fae58742000 r-xp 00000000 08:02 3285512                    /usr/lib/x86_64-linux-gnu/gvfs/libgvfscommon.so
7fae58742000-7fae58942000 ---p 00034000 08:02 3285512                    /usr/lib/x86_64-linux-gnu/gvfs/libgvfscommon.so
7fae58942000-7fae58947000 r--p 00034000 08:02 3285512                    /usr/lib/x86_64-linux-gnu/gvfs/libgvfscommon.so
7fae58947000-7fae58948000 rw-p 00039000 08:02 3285512                    /usr/lib/x86_64-linux-gnu/gvfs/libgvfscommon.so
7fae58948000-7fae58977000 r-xp 00000000 08:02 3424410                    /usr/lib/x86_64-linux-gnu/gio/modules/libgvfsdbus.so
7fae58977000-7fae58b77000 ---p 0002f000 08:02 3424410                    /usr/lib/x86_64-linux-gnu/gio/modules/libgvfsdbus.so
7fae58b77000-7fae58b78000 r--p 0002f000 08:02 3424410                    /usr/lib/x86_64-linux-gnu/gio/modules/libgvfsdbus.so
7fae58b78000-7fae58b79000 rw-p 00030000 08:02 3424410                    /usr/lib/x86_64-linux-gnu/gio/modules/libgvfsdbus.so
7fae58b79000-7fae58b7a000 rw-p 00000000 00:00 0 
7fae58b7a000-7fae58c60000 r-xp 00000000 08:02 3150269                    /usr/lib/x86_64-linux-gnu/libstdc++.so.6.0.18
7fae58c60000-7fae58e5f000 ---p 000e6000 08:02 3150269                    /usr/lib/x86_64-linux-gnu/libstdc++.so.6.0.18
7fae58e5f000-7fae58e67000 r--p 000e5000 08:02 3150269                    /usr/lib/x86_64-linux-gnu/libstdc++.so.6.0.18
7fae58e67000-7fae58e69000 rw-p 000ed000 08:02 3150269                    /usr/lib/x86_64-linux-gnu/libstdc++.so.6.0.18
7fae58e69000-7fae58e7e000 rw-p 00000000 00:00 0 
7fae58e7e000-7fae59213000 r-xp 00000000 08:02 3425589                    /usr/lib/x86_64-linux-gnu/gtk-2.0/2.10.0/engines/liboxygen-gtk.so
7fae59213000-7fae59413000 ---p 00395000 08:02 3425589                    /usr/lib/x86_64-linux-gnu/gtk-2.0/2.10.0/engines/liboxygen-gtk.so
7fae59413000-7fae59419000 r--p 00395000 08:02 3425589                    /usr/lib/x86_64-linux-gnu/gtk-2.0/2.10.0/engines/liboxygen-gtk.so
7fae59419000-7fae5942d000 rw-p 0039b000 08:02 3425589                    /usr/lib/x86_64-linux-gnu/gtk-2.0/2.10.0/engines/liboxygen-gtk.so
7fae5942d000-7fae5942e000 rw-p 00000000 00:00 0 
7fae5942e000-7fae5942f000 r-xp 00000000 08:02 3146123                    /usr/lib/x86_64-linux-gnu/libgthread-2.0.so.0.3800.1
7fae5942f000-7fae5962e000 ---p 00001000 08:02 3146123                    /usr/lib/x86_64-linux-gnu/libgthread-2.0.so.0.3800.1
7fae5962e000-7fae5962f000 r--p 00000000 08:02 3146123                    /usr/lib/x86_64-linux-gnu/libgthread-2.0.so.0.3800.1
7fae5962f000-7fae59630000 rw-p 00001000 08:02 3146123                    /usr/lib/x86_64-linux-gnu/libgthread-2.0.so.0.3800.1
7fae59630000-7fae59636000 r-xp 00000000 08:02 3154502                    /usr/lib/x86_64-linux-gnu/libdatrie.so.1.2.0
7fae59636000-7fae59835000 ---p 00006000 08:02 3154502                    /usr/lib/x86_64-linux-gnu/libdatrie.so.1.2.0
7fae59835000-7fae59836000 r--p 00005000 08:02 3154502                    /usr/lib/x86_64-linux-gnu/libdatrie.so.1.2.0
7fae59836000-7fae59837000 rw-p 00006000 08:02 3154502                    /usr/lib/x86_64-linux-gnu/libdatrie.so.1.2.0
7fae59837000-7fae5984f000 r-xp 00000000 08:02 3154668                    /usr/lib/x86_64-linux-gnu/libgraphite2.so.3.0.1
7fae5984f000-7fae59a4e000 ---p 00018000 08:02 3154668                    /usr/lib/x86_64-linux-gnu/libgraphite2.so.3.0.1
7fae59a4e000-7fae59a50000 r--p 00017000 08:02 3154668                    /usr/lib/x86_64-linux-gnu/libgraphite2.so.3.0.1
7fae59a50000-7fae59a51000 rw-p 00019000 08:02 3154668                    /usr/lib/x86_64-linux-gnu/libgraphite2.so.3.0.1
7fae59a51000-7fae59a8e000 r-xp 00000000 08:02 4460518                    /lib/x86_64-linux-gnu/libpcre.so.3.13.1
7fae59a8e000-7fae59c8e000 ---p 0003d000 08:02 4460518                    /lib/x86_64-linux-gnu/libpcre.so.3.13.1
7fae59c8e000-7fae59c8f000 r--p 0003d000 08:02 4460518                    /lib/x86_64-linux-gnu/libpcre.so.3.13.1
7fae59c8f000-7fae59c90000 rw-p 0003e000 08:02 4460518                    /lib/x86_64-linux-gnu/libpcre.so.3.13.1
7fae59c90000-7fae59c97000 r-xp 00000000 08:02 3154549                    /usr/lib/x86_64-linux-gnu/libffi.so.6.0.1
7fae59c97000-7fae59e96000 ---p 00007000 08:02 3154549                    /usr/lib/x86_64-linux-gnu/libffi.so.6.0.1
7fae59e96000-7fae59e97000 r--p 00006000 08:02 3154549                    /usr/lib/x86_64-linux-gnu/libffi.so.6.0.1
7fae59e97000-7fae59e98000 rw-p 00007000 08:02 3154549                    /usr/lib/x86_64-linux-gnu/libffi.so.6.0.1
7fae59e98000-7fae59ebf000 r-xp 00000000 08:02 4460440                    /lib/x86_64-linux-gnu/libexpat.so.1.6.0
7fae59ebf000-7fae5a0bf000 ---p 00027000 08:02 4460440                    /lib/x86_64-linux-gnu/libexpat.so.1.6.0
7fae5a0bf000-7fae5a0c1000 r--p 00027000 08:02 4460440                    /lib/x86_64-linux-gnu/libexpat.so.1.6.0
7fae5a0c1000-7fae5a0c2000 rw-p 00029000 08:02 4460440                    /lib/x86_64-linux-gnu/libexpat.so.1.6.0
7fae5a0c2000-7fae5a0ca000 r-xp 00000000 08:02 3155055                    /usr/lib/x86_64-linux-gnu/libthai.so.0.2.0
7fae5a0ca000-7fae5a2c9000 ---p 00008000 08:02 3155055                    /usr/lib/x86_64-linux-gnu/libthai.so.0.2.0
7fae5a2c9000-7fae5a2ca000 r--p 00007000 08:02 3155055                    /usr/lib/x86_64-linux-gnu/libthai.so.0.2.0
7fae5a2ca000-7fae5a2cb000 rw-p 00008000 08:02 3155055                    /usr/lib/x86_64-linux-gnu/libthai.so.0.2.0
7fae5a2cb000-7fae5a31b000 r-xp 00000000 08:02 3154762                    /usr/lib/x86_64-linux-gnu/libharfbuzz.so.0.919.0
7fae5a31b000-7fae5a51b000 ---p 00050000 08:02 3154762                    /usr/lib/x86_64-linux-gnu/libharfbuzz.so.0.919.0
7fae5a51b000-7fae5a51c000 r--p 00050000 08:02 3154762                    /usr/lib/x86_64-linux-gnu/libharfbuzz.so.0.919.0
7fae5a51c000-7fae5a51d000 rw-p 00051000 08:02 3154762                    /usr/lib/x86_64-linux-gnu/libharfbuzz.so.0.919.0
7fae5a51d000-7fae5a533000 r-xp 00000000 08:02 4460541                    /lib/x86_64-linux-gnu/libresolv-2.17.so
7fae5a533000-7fae5a733000 ---p 00016000 08:02 4460541                    /lib/x86_64-linux-gnu/libresolv-2.17.so
7fae5a733000-7fae5a734000 r--p 00016000 08:02 4460541                    /lib/x86_64-linux-gnu/libresolv-2.17.so
7fae5a734000-7fae5a735000 rw-p 00017000 08:02 4460541                    /lib/x86_64-linux-gnu/libresolv-2.17.so
7fae5a735000-7fae5a737000 rw-p 00000000 00:00 0 
7fae5a737000-7fae5a756000 r-xp 00000000 08:02 4460545                    /lib/x86_64-linux-gnu/libselinux.so.1
7fae5a756000-7fae5a956000 ---p 0001f000 08:02 4460545                    /lib/x86_64-linux-gnu/libselinux.so.1
7fae5a956000-7fae5a957000 r--p 0001f000 08:02 4460545                    /lib/x86_64-linux-gnu/libselinux.so.1
7fae5a957000-7fae5a958000 rw-p 00020000 08:02 4460545                    /lib/x86_64-linux-gnu/libselinux.so.1
7fae5a958000-7fae5a959000 rw-p 00000000 00:00 0 
7fae5a959000-7fae5a971000 r-xp 00000000 08:02 4460576                    /lib/x86_64-linux-gnu/libz.so.1.2.8
7fae5a971000-7fae5ab70000 ---p 00018000 08:02 4460576                    /lib/x86_64-linux-gnu/libz.so.1.2.8
7fae5ab70000-7fae5ab71000 r--p 00017000 08:02 4460576                    /lib/x86_64-linux-gnu/libz.so.1.2.8
7fae5ab71000-7fae5ab72000 rw-p 00018000 08:02 4460576                    /lib/x86_64-linux-gnu/libz.so.1.2.8
7fae5ab72000-7fae5ab7a000 r-xp 00000000 08:02 3155129                    /usr/lib/x86_64-linux-gnu/libxcb-render.so.0.0.0
7fae5ab7a000-7fae5ad79000 ---p 00008000 08:02 3155129                    /usr/lib/x86_64-linux-gnu/libxcb-render.so.0.0.0
7fae5ad79000-7fae5ad7a000 r--p 00007000 08:02 3155129                    /usr/lib/x86_64-linux-gnu/libxcb-render.so.0.0.0
7fae5ad7a000-7fae5ad7b000 rw-p 00008000 08:02 3155129                    /usr/lib/x86_64-linux-gnu/libxcb-render.so.0.0.0
7fae5ad7b000-7fae5ad7d000 r-xp 00000000 08:02 3155133                    /usr/lib/x86_64-linux-gnu/libxcb-shm.so.0.0.0
7fae5ad7d000-7fae5af7c000 ---p 00002000 08:02 3155133                    /usr/lib/x86_64-linux-gnu/libxcb-shm.so.0.0.0
7fae5af7c000-7fae5af7d000 r--p 00001000 08:02 3155133                    /usr/lib/x86_64-linux-gnu/libxcb-shm.so.0.0.0
7fae5af7d000-7fae5af7e000 rw-p 00002000 08:02 3155133                    /usr/lib/x86_64-linux-gnu/libxcb-shm.so.0.0.0
7fae5af7e000-7fae5afa3000 r-xp 00000000 08:02 4460530                    /lib/x86_64-linux-gnu/libpng12.so.0.49.0
7fae5afa3000-7fae5b1a2000 ---p 00025000 08:02 4460530                    /lib/x86_64-linux-gnu/libpng12.so.0.49.0
7fae5b1a2000-7fae5b1a3000 r--p 00024000 08:02 4460530                    /lib/x86_64-linux-gnu/libpng12.so.0.49.0
7fae5b1a3000-7fae5b1a4000 rw-p 00025000 08:02 4460530                    /lib/x86_64-linux-gnu/libpng12.so.0.49.0
7fae5b1a4000-7fae5b245000 r-xp 00000000 08:02 3161804                    /usr/lib/x86_64-linux-gnu/libpixman-1.so.0.30.2
7fae5b245000-7fae5b445000 ---p 000a1000 08:02 3161804                    /usr/lib/x86_64-linux-gnu/libpixman-1.so.0.30.2
7fae5b445000-7fae5b44c000 r--p 000a1000 08:02 3161804                    /usr/lib/x86_64-linux-gnu/libpixman-1.so.0.30.2
7fae5b44c000-7fae5b44d000 rw-p 000a8000 08:02 3161804                    /usr/lib/x86_64-linux-gnu/libpixman-1.so.0.30.2
7fae5b44d000-7fae5b4e9000 r-xp 00000000 08:02 3154589                    /usr/lib/x86_64-linux-gnu/libfreetype.so.6.10.1
7fae5b4e9000-7fae5b6e9000 ---p 0009c000 08:02 3154589                    /usr/lib/x86_64-linux-gnu/libfreetype.so.6.10.1
7fae5b6e9000-7fae5b6ee000 r--p 0009c000 08:02 3154589                    /usr/lib/x86_64-linux-gnu/libfreetype.so.6.10.1
7fae5b6ee000-7fae5b6ef000 rw-p 000a1000 08:02 3154589                    /usr/lib/x86_64-linux-gnu/libfreetype.so.6.10.1
7fae5b6ef000-7fae5b6f1000 r-xp 00000000 08:02 3154360                    /usr/lib/x86_64-linux-gnu/libXdamage.so.1.1.0
7fae5b6f1000-7fae5b8f0000 ---p 00002000 08:02 3154360                    /usr/lib/x86_64-linux-gnu/libXdamage.so.1.1.0
7fae5b8f0000-7fae5b8f1000 r--p 00001000 08:02 3154360                    /usr/lib/x86_64-linux-gnu/libXdamage.so.1.1.0
7fae5b8f1000-7fae5b8f2000 rw-p 00002000 08:02 3154360                    /usr/lib/x86_64-linux-gnu/libXdamage.so.1.1.0
7fae5b8f2000-7fae5b8f4000 r-xp 00000000 08:02 3154356                    /usr/lib/x86_64-linux-gnu/libXcomposite.so.1.0.0
7fae5b8f4000-7fae5baf3000 ---p 00002000 08:02 3154356                    /usr/lib/x86_64-linux-gnu/libXcomposite.so.1.0.0
7fae5baf3000-7fae5baf4000 r--p 00001000 08:02 3154356                    /usr/lib/x86_64-linux-gnu/libXcomposite.so.1.0.0
7fae5baf4000-7fae5baf5000 rw-p 00002000 08:02 3154356                    /usr/lib/x86_64-linux-gnu/libXcomposite.so.1.0.0
7fae5baf5000-7fae5bafe000 r-xp 00000000 08:02 3154384                    /usr/lib/x86_64-linux-gnu/libXrandr.so.2.2.0
7fae5bafe000-7fae5bcfd000 ---p 00009000 08:02 3154384                    /usr/lib/x86_64-linux-gnu/libXrandr.so.2.2.0
7fae5bcfd000-7fae5bcfe000 r--p 00008000 08:02 3154384                    /usr/lib/x86_64-linux-gnu/libXrandr.so.2.2.0
7fae5bcfe000-7fae5bcff000 rw-p 00009000 08:02 3154384                    /usr/lib/x86_64-linux-gnu/libXrandr.so.2.2.0
7fae5bcff000-7fae5bdfd000 r-xp 00000000 08:02 4462673                    /lib/x86_64-linux-gnu/libglib-2.0.so.0.3800.1
7fae5bdfd000-7fae5bffd000 ---p 000fe000 08:02 4462673                    /lib/x86_64-linux-gnu/libglib-2.0.so.0.3800.1
7fae5bffd000-7fae5bffe000 r--p 000fe000 08:02 4462673                    /lib/x86_64-linux-gnu/libglib-2.0.so.0.3800.1
7fae5bffe000-7fae5bfff000 rw-p 000ff000 08:02 4462673                    /lib/x86_64-linux-gnu/libglib-2.0.so.0.3800.1
7fae5bfff000-7fae5c000000 rw-p 00000000 00:00 0 
7fae5c000000-7fae5c021000 rw-p 00000000 00:00 0 
7fae5c021000-7fae60000000 ---p 00000000 00:00 0 
7fae60000000-7fae60183000 rw-p 00000000 00:00 0 
7fae60183000-7fae64000000 ---p 00000000 00:00 0 
7fae64000000-7fae64021000 rw-p 00000000 00:00 0 
7fae64021000-7fae68000000 ---p 00000000 00:00 0 
7fae68000000-7fae68021000 rw-p 00000000 00:00 0 
7fae68021000-7fae6c000000 ---p 00000000 00:00 0 
7fae6c000000-7fae6c004000 r--s 00000000 08:02 534596                     /var/cache/fontconfig/7ef2298fde41cc6eeb7af42e48b7d293-le64.cache-4
7fae6c004000-7fae6c01a000 r--s 00000000 08:02 3932959                    /usr/share/fonts/type1/gsfonts/n021024l.pfb
7fae6c01a000-7fae6c030000 r--s 00000000 08:02 3932968                    /usr/share/fonts/type1/gsfonts/n022023l.pfb
7fae6c030000-7fae6c047000 r--s 00000000 08:02 3932956                    /usr/share/fonts/type1/gsfonts/n021023l.pfb
7fae6c047000-7fae6c051000 r--s 00000000 08:02 3932992                    /usr/share/fonts/type1/mathml/Symbol.pfb
7fae6c051000-7fae6c0d1000 rw-s 00000000 00:04 37912620                   /SYSV00000000 (deleted)
7fae6c0d1000-7fae6c0d3000 r-xp 00000000 08:02 3154374                    /usr/lib/x86_64-linux-gnu/libXinerama.so.1.0.0
7fae6c0d3000-7fae6c2d2000 ---p 00002000 08:02 3154374                    /usr/lib/x86_64-linux-gnu/libXinerama.so.1.0.0
7fae6c2d2000-7fae6c2d3000 r--p 00001000 08:02 3154374                    /usr/lib/x86_64-linux-gnu/libXinerama.so.1.0.0
7fae6c2d3000-7fae6c2d4000 rw-p 00002000 08:02 3154374                    /usr/lib/x86_64-linux-gnu/libXinerama.so.1.0.0
7fae6c2d4000-7fae6c323000 r-xp 00000000 08:02 3146121                    /usr/lib/x86_64-linux-gnu/libgobject-2.0.so.0.3800.1
7fae6c323000-7fae6c523000 ---p 0004f000 08:02 3146121                    /usr/lib/x86_64-linux-gnu/libgobject-2.0.so.0.3800.1
7fae6c523000-7fae6c524000 r--p 0004f000 08:02 3146121                    /usr/lib/x86_64-linux-gnu/libgobject-2.0.so.0.3800.1
7fae6c524000-7fae6c525000 rw-p 00050000 08:02 3146121                    /usr/lib/x86_64-linux-gnu/libgobject-2.0.so.0.3800.1
7fae6c525000-7fae6c55e000 r-xp 00000000 08:02 3154563                    /usr/lib/x86_64-linux-gnu/libfontconfig.so.1.7.0
7fae6c55e000-7fae6c75e000 ---p 00039000 08:02 3154563                    /usr/lib/x86_64-linux-gnu/libfontconfig.so.1.7.0
7fae6c75e000-7fae6c760000 r--p 00039000 08:02 3154563                    /usr/lib/x86_64-linux-gnu/libfontconfig.so.1.7.0
7fae6c760000-7fae6c761000 rw-p 0003b000 08:02 3154563                    /usr/lib/x86_64-linux-gnu/libfontconfig.so.1.7.0
7fae6c761000-7fae6c7ab000 r-xp 00000000 08:02 3154916                    /usr/lib/x86_64-linux-gnu/libpango-1.0.so.0.3200.5
7fae6c7ab000-7fae6c9aa000 ---p 0004a000 08:02 3154916                    /usr/lib/x86_64-linux-gnu/libpango-1.0.so.0.3200.5
7fae6c9aa000-7fae6c9ac000 r--p 00049000 08:02 3154916                    /usr/lib/x86_64-linux-gnu/libpango-1.0.so.0.3200.5
7fae6c9ac000-7fae6c9ad000 rw-p 0004b000 08:02 3154916                    /usr/lib/x86_64-linux-gnu/libpango-1.0.so.0.3200.5
7fae6c9ad000-7fae6c9c1000 r-xp 00000000 08:02 3154920                    /usr/lib/x86_64-linux-gnu/libpangoft2-1.0.so.0.3200.5
7fae6c9c1000-7fae6cbc0000 ---p 00014000 08:02 3154920                    /usr/lib/x86_64-linux-gnu/libpangoft2-1.0.so.0.3200.5
7fae6cbc0000-7fae6cbc1000 r--p 00013000 08:02 3154920                    /usr/lib/x86_64-linux-gnu/libpangoft2-1.0.so.0.3200.5
7fae6cbc1000-7fae6cbc2000 rw-p 00014000 08:02 3154920                    /usr/lib/x86_64-linux-gnu/libpangoft2-1.0.so.0.3200.5
7fae6cbc2000-7fae6cd1e000 r-xp 00000000 08:02 3146102                    /usr/lib/x86_64-linux-gnu/libgio-2.0.so.0.3800.1
7fae6cd1e000-7fae6cf1d000 ---p 0015c000 08:02 3146102                    /usr/lib/x86_64-linux-gnu/libgio-2.0.so.0.3800.1
7fae6cf1d000-7fae6cf21000 r--p 0015b000 08:02 3146102                    /usr/lib/x86_64-linux-gnu/libgio-2.0.so.0.3800.1
7fae6cf21000-7fae6cf23000 rw-p 0015f000 08:02 3146102                    /usr/lib/x86_64-linux-gnu/libgio-2.0.so.0.3800.1
7fae6cf23000-7fae6cf25000 rw-p 00000000 00:00 0 
7fae6cf25000-7fae6cf44000 r-xp 00000000 08:02 3154617                    /usr/lib/x86_64-linux-gnu/libgdk_pixbuf-2.0.so.0.2800.1
7fae6cf44000-7fae6d143000 ---p 0001f000 08:02 3154617                    /usr/lib/x86_64-linux-gnu/libgdk_pixbuf-2.0.so.0.2800.1
7fae6d143000-7fae6d144000 r--p 0001e000 08:02 3154617                    /usr/lib/x86_64-linux-gnu/libgdk_pixbuf-2.0.so.0.2800.1
7fae6d144000-7fae6d145000 rw-p 0001f000 08:02 3154617                    /usr/lib/x86_64-linux-gnu/libgdk_pixbuf-2.0.so.0.2800.1
7fae6d145000-7fae6d249000 r-xp 00000000 08:02 3154460                    /usr/lib/x86_64-linux-gnu/libcairo.so.2.11200.16
7fae6d249000-7fae6d448000 ---p 00104000 08:02 3154460                    /usr/lib/x86_64-linux-gnu/libcairo.so.2.11200.16
7fae6d448000-7fae6d44b000 r--p 00103000 08:02 3154460                    /usr/lib/x86_64-linux-gnu/libcairo.so.2.11200.16
7fae6d44b000-7fae6d44c000 rw-p 00106000 08:02 3154460                    /usr/lib/x86_64-linux-gnu/libcairo.so.2.11200.16
7fae6d44c000-7fae6d44e000 rw-p 00000000 00:00 0 
7fae6d44e000-7fae6d46d000 r-xp 00000000 08:02 3154424                    /usr/lib/x86_64-linux-gnu/libatk-1.0.so.0.21009.1
7fae6d46d000-7fae6d66d000 ---p 0001f000 08:02 3154424                    /usr/lib/x86_64-linux-gnu/libatk-1.0.so.0.21009.1
7fae6d66d000-7fae6d66f000 r--p 0001f000 08:02 3154424                    /usr/lib/x86_64-linux-gnu/libatk-1.0.so.0.21009.1
7fae6d66f000-7fae6d670000 rw-p 00021000 08:02 3154424                    /usr/lib/x86_64-linux-gnu/libatk-1.0.so.0.21009.1
7fae6d670000-7fae6d67b000 r-xp 00000000 08:02 3154918                    /usr/lib/x86_64-linux-gnu/libpangocairo-1.0.so.0.3200.5
7fae6d67b000-7fae6d87b000 ---p 0000b000 08:02 3154918                    /usr/lib/x86_64-linux-gnu/libpangocairo-1.0.so.0.3200.5
7fae6d87b000-7fae6d87c000 r--p 0000b000 08:02 3154918                    /usr/lib/x86_64-linux-gnu/libpangocairo-1.0.so.0.3200.5
7fae6d87c000-7fae6d87d000 rw-p 0000c000 08:02 3154918                    /usr/lib/x86_64-linux-gnu/libpangocairo-1.0.so.0.3200.5
7fae6d87d000-7fae6d880000 r-xp 00000000 08:02 3146124                    /usr/lib/x86_64-linux-gnu/libgmodule-2.0.so.0.3800.1
7fae6d880000-7fae6da7f000 ---p 00003000 08:02 3146124                    /usr/lib/x86_64-linux-gnu/libgmodule-2.0.so.0.3800.1
7fae6da7f000-7fae6da80000 r--p 00002000 08:02 3146124                    /usr/lib/x86_64-linux-gnu/libgmodule-2.0.so.0.3800.1
7fae6da80000-7fae6da81000 rw-p 00003000 08:02 3146124                    /usr/lib/x86_64-linux-gnu/libgmodule-2.0.so.0.3800.1
7fae6da81000-7fae6db2e000 r-xp 00000000 08:02 3154615                    /usr/lib/x86_64-linux-gnu/libgdk-x11-2.0.so.0.2400.20
7fae6db2e000-7fae6dd2d000 ---p 000ad000 08:02 3154615                    /usr/lib/x86_64-linux-gnu/libgdk-x11-2.0.so.0.2400.20
7fae6dd2d000-7fae6dd31000 r--p 000ac000 08:02 3154615                    /usr/lib/x86_64-linux-gnu/libgdk-x11-2.0.so.0.2400.20
7fae6dd31000-7fae6dd33000 rw-p 000b0000 08:02 3154615                    /usr/lib/x86_64-linux-gnu/libgdk-x11-2.0.so.0.2400.20
7fae6dd33000-7fae6e162000 r-xp 00000000 08:02 3154752                    /usr/lib/x86_64-linux-gnu/libgtk-x11-2.0.so.0.2400.20
7fae6e162000-7fae6e361000 ---p 0042f000 08:02 3154752                    /usr/lib/x86_64-linux-gnu/libgtk-x11-2.0.so.0.2400.20
7fae6e361000-7fae6e368000 r--p 0042e000 08:02 3154752                    /usr/lib/x86_64-linux-gnu/libgtk-x11-2.0.so.0.2400.20
7fae6e368000-7fae6e36c000 rw-p 00435000 08:02 3154752                    /usr/lib/x86_64-linux-gnu/libgtk-x11-2.0.so.0.2400.20
7fae6e36c000-7fae6e36f000 rw-p 00000000 00:00 0 
7fae6e36f000-7fae6e3e5000 rw-s 00000000 00:04 37781544                   /SYSV00000000 (deleted)
7fae6e3e5000-7fae6e45b000 rw-s 00000000 00:04 37748775                   /SYSV00000000 (deleted)
7fae6e45b000-7fae6e45e000 ---p 00000000 00:00 0 
7fae6e45e000-7fae6e55c000 rw-p 00000000 00:00 0                          [stack:17212]
7fae6e55c000-7fae6e5c4000 r-xp 00000000 08:02 1837297                    /home/beatsleigher/jdk1.7.0_51/jre/lib/amd64/libt2k.so
7fae6e5c4000-7fae6e7c4000 ---p 00068000 08:02 1837297                    /home/beatsleigher/jdk1.7.0_51/jre/lib/amd64/libt2k.so
7fae6e7c4000-7fae6e7cb000 rw-p 00068000 08:02 1837297                    /home/beatsleigher/jdk1.7.0_51/jre/lib/amd64/libt2k.so
7fae6e7cb000-7fae6e7db000 rw-p 00000000 00:00 0 
7fae6e7db000-7fae6e7f0000 r-xp 00000000 08:02 4456462                    /lib/x86_64-linux-gnu/libgcc_s.so.1
7fae6e7f0000-7fae6e9ef000 ---p 00015000 08:02 4456462                    /lib/x86_64-linux-gnu/libgcc_s.so.1
7fae6e9ef000-7fae6e9f0000 r--p 00014000 08:02 4456462                    /lib/x86_64-linux-gnu/libgcc_s.so.1
7fae6e9f0000-7fae6e9f1000 rw-p 00015000 08:02 4456462                    /lib/x86_64-linux-gnu/libgcc_s.so.1
7fae6e9f1000-7fae6ea56000 r-xp 00000000 08:02 1836817                    /home/beatsleigher/jdk1.7.0_51/jre/lib/amd64/libfontmanager.so
7fae6ea56000-7fae6ec55000 ---p 00065000 08:02 1836817                    /home/beatsleigher/jdk1.7.0_51/jre/lib/amd64/libfontmanager.so
7fae6ec55000-7fae6ec59000 rw-p 00064000 08:02 1836817                    /home/beatsleigher/jdk1.7.0_51/jre/lib/amd64/libfontmanager.so
7fae6ec59000-7fae6ec6a000 rw-p 00000000 00:00 0 
7fae6ec6a000-7fae6ec6d000 ---p 00000000 00:00 0 
7fae6ec6d000-7fae6ed9c000 rw-p 00000000 00:00 0                          [stack:17211]
7fae6ed9c000-7fae6edb2000 r-xp 00000000 08:02 1837296                    /home/beatsleigher/jdk1.7.0_51/jre/lib/amd64/libnet.so
7fae6edb2000-7fae6efb2000 ---p 00016000 08:02 1837296                    /home/beatsleigher/jdk1.7.0_51/jre/lib/amd64/libnet.so
7fae6efb2000-7fae6efb3000 rw-p 00016000 08:02 1837296                    /home/beatsleigher/jdk1.7.0_51/jre/lib/amd64/libnet.so
7fae6efb3000-7fae6efc3000 r-xp 00000000 08:02 1837295                    /home/beatsleigher/jdk1.7.0_51/jre/lib/amd64/libnio.so
7fae6efc3000-7fae6f1c3000 ---p 00010000 08:02 1837295                    /home/beatsleigher/jdk1.7.0_51/jre/lib/amd64/libnio.so
7fae6f1c3000-7fae6f1c4000 rw-p 00010000 08:02 1837295                    /home/beatsleigher/jdk1.7.0_51/jre/lib/amd64/libnio.so
7fae6f1c4000-7fae6f1c7000 ---p 00000000 00:00 0 
7fae6f1c7000-7fae6f2c5000 rw-p 00000000 00:00 0                          [stack:17205]
7fae6f2c5000-7fae6f2c8000 ---p 00000000 00:00 0 
7fae6f2c8000-7fae6f3c6000 rw-p 00000000 00:00 0                          [stack:17227]
7fae6f3c6000-7fae6f3c9000 ---p 00000000 00:00 0 
7fae6f3c9000-7fae6f4c7000 rw-p 00000000 00:00 0                          [stack:17210]
7fae6f4c7000-7fae6f4ca000 ---p 00000000 00:00 0 
7fae6f4ca000-7fae6f5c8000 rw-p 00000000 00:00 0                          [stack:17201]
7fae6f5c8000-7fae6f5cd000 r-xp 00000000 08:02 3154366                    /usr/lib/x86_64-linux-gnu/libXfixes.so.3.1.0
7fae6f5cd000-7fae6f7cc000 ---p 00005000 08:02 3154366                    /usr/lib/x86_64-linux-gnu/libXfixes.so.3.1.0
7fae6f7cc000-7fae6f7cd000 r--p 00004000 08:02 3154366                    /usr/lib/x86_64-linux-gnu/libXfixes.so.3.1.0
7fae6f7cd000-7fae6f7ce000 rw-p 00005000 08:02 3154366                    /usr/lib/x86_64-linux-gnu/libXfixes.so.3.1.0
7fae6f7ce000-7fae6f7d7000 r-xp 00000000 08:02 3154358                    /usr/lib/x86_64-linux-gnu/libXcursor.so.1.0.2
7fae6f7d7000-7fae6f9d6000 ---p 00009000 08:02 3154358                    /usr/lib/x86_64-linux-gnu/libXcursor.so.1.0.2
7fae6f9d6000-7fae6f9d7000 r--p 00008000 08:02 3154358                    /usr/lib/x86_64-linux-gnu/libXcursor.so.1.0.2
7fae6f9d7000-7fae6f9d8000 rw-p 00009000 08:02 3154358                    /usr/lib/x86_64-linux-gnu/libXcursor.so.1.0.2
7fae6f9d8000-7fae6f9dd000 r-xp 00000000 08:02 3154362                    /usr/lib/x86_64-linux-gnu/libXdmcp.so.6.0.0
7fae6f9dd000-7fae6fbdc000 ---p 00005000 08:02 3154362                    /usr/lib/x86_64-linux-gnu/libXdmcp.so.6.0.0
7fae6fbdc000-7fae6fbdd000 r--p 00004000 08:02 3154362                    /usr/lib/x86_64-linux-gnu/libXdmcp.so.6.0.0
7fae6fbdd000-7fae6fbde000 rw-p 00005000 08:02 3154362                    /usr/lib/x86_64-linux-gnu/libXdmcp.so.6.0.0
7fae6fbde000-7fae6fbe0000 r-xp 00000000 08:02 3154351                    /usr/lib/x86_64-linux-gnu/libXau.so.6.0.0
7fae6fbe0000-7fae6fde0000 ---p 00002000 08:02 3154351                    /usr/lib/x86_64-linux-gnu/libXau.so.6.0.0
7fae6fde0000-7fae6fde1000 r--p 00002000 08:02 3154351                    /usr/lib/x86_64-linux-gnu/libXau.so.6.0.0
7fae6fde1000-7fae6fde2000 rw-p 00003000 08:02 3154351                    /usr/lib/x86_64-linux-gnu/libXau.so.6.0.0
7fae6fde2000-7fae6fdff000 r-xp 00000000 08:02 3155143                    /usr/lib/x86_64-linux-gnu/libxcb.so.1.1.0
7fae6fdff000-7fae6fffe000 ---p 0001d000 08:02 3155143                    /usr/lib/x86_64-linux-gnu/libxcb.so.1.1.0
7fae6fffe000-7fae6ffff000 r--p 0001c000 08:02 3155143                    /usr/lib/x86_64-linux-gnu/libxcb.so.1.1.0
7fae6ffff000-7fae70000000 rw-p 0001d000 08:02 3155143                    /usr/lib/x86_64-linux-gnu/libxcb.so.1.1.0
7fae70000000-7fae70455000 rw-p 00000000 00:00 0 
7fae70455000-7fae74000000 ---p 00000000 00:00 0 
7fae74000000-7fae74041000 rw-p 00000000 00:00 0 
7fae74041000-7fae78000000 ---p 00000000 00:00 0 
7fae78000000-7fae78021000 rw-p 00000000 00:00 0 
7fae78021000-7fae7c000000 ---p 00000000 00:00 0 
7fae7c000000-7fae7c7a7000 rw-p 00000000 00:00 0 
7fae7c7a7000-7fae80000000 ---p 00000000 00:00 0 
7fae80000000-7fae80021000 rw-p 00000000 00:00 0 
7fae80021000-7fae84000000 ---p 00000000 00:00 0 
7fae84000000-7fae84021000 rw-p 00000000 00:00 0 
7fae84021000-7fae88000000 ---p 00000000 00:00 0 
7fae88000000-7fae88021000 rw-p 00000000 00:00 0 
7fae88021000-7fae8c000000 ---p 00000000 00:00 0 
7fae8c000000-7fae8c021000 rw-p 00000000 00:00 0 
7fae8c021000-7fae90000000 ---p 00000000 00:00 0 
7fae90000000-7fae90021000 rw-p 00000000 00:00 0 
7fae90021000-7fae94000000 ---p 00000000 00:00 0 
7fae94000000-7fae94001000 r--s 00000000 08:02 1842817                    /home/beatsleigher/.cache/fontconfig/2766956a2bbf3c55f9893526092443df-le64.cache-4
7fae94001000-7fae94002000 r--s 00000000 08:02 524506                     /var/cache/fontconfig/e4e854e19093b3a10d48c1d28c821416-le64.cache-4
7fae94002000-7fae94013000 r--s 00000000 08:02 3932932                    /usr/share/fonts/type1/gsfonts/n019023l.pfb
7fae94013000-7fae94027000 r--s 00000000 08:02 3932926                    /usr/share/fonts/type1/gsfonts/n019003l.pfb
7fae94027000-7fae9402c000 rw-s 00000000 00:04 37814315                   /SYSV00000000 (deleted)
7fae9402c000-7fae9402d000 r--s 00000000 08:02 524522                     /var/cache/fontconfig/c05880de57d1f5e948fdfacc138775d9-le64.cache-4
7fae9402d000-7fae94038000 r--s 00000000 08:02 524515                     /var/cache/fontconfig/945677eb7aeaf62f1d50efc3fb3ec7d8-le64.cache-4
7fae94038000-7fae9403a000 r--s 00000000 08:02 524517                     /var/cache/fontconfig/99e8ed0e538f840c565b6ed5dad60d56-le64.cache-4
7fae9403a000-7fae94043000 r--s 00000000 08:02 534438                     /var/cache/fontconfig/a6d8cf8e4ec09cdbc8633c31745a07dd-le64.cache-4
7fae94043000-7fae94049000 r--s 00000000 08:02 524500                     /var/cache/fontconfig/2cd17615ca594fa2959ae173292e504c-le64.cache-4
7fae94049000-7fae9404a000 r--s 00000000 08:02 524533                     /var/cache/fontconfig/e7071f4a29fa870f4323321c154eba04-le64.cache-4
7fae9404a000-7fae9404b000 r--s 00000000 08:02 524497                     /var/cache/fontconfig/0d8c3b2ac0904cb8a57a757ad11a4a08-le64.cache-4
7fae9404b000-7fae94052000 r--s 00000000 08:02 524519                     /var/cache/fontconfig/a755afe4a08bf5b97852ceb7400b47bc-le64.cache-4
7fae94052000-7fae94056000 r--s 00000000 08:02 524510                     /var/cache/fontconfig/6d41288fd70b0be22e8c3a91e032eec0-le64.cache-4
7fae94056000-7fae9406a000 r--s 00000000 08:02 524495                     /var/cache/fontconfig/04aabc0a78ac019cf9454389977116d2-le64.cache-4
7fae9406a000-7fae9406b000 r--s 00000000 08:02 524499                     /var/cache/fontconfig/1ac9eb803944fde146138c791f5cc56a-le64.cache-4
7fae9406b000-7fae9406f000 r--s 00000000 08:02 524504                     /var/cache/fontconfig/385c0604a188198f04d133e54aba7fe7-le64.cache-4
7fae9406f000-7fae94070000 r--s 00000000 08:02 524530                     /var/cache/fontconfig/dc05db6664285cc2f12bf69c139ae4c3-le64.cache-4
7fae94070000-7fae94072000 r--s 00000000 08:02 524512                     /var/cache/fontconfig/767a8244fc0220cfb567a839d0392e0b-le64.cache-4
7fae94072000-7fae94074000 r--s 00000000 08:02 524501                     /var/cache/fontconfig/2fe16cf53f8bd2da9ea33d9eb6e69eee-le64.cache-4
7fae94074000-7fae940af000 r--s 00000000 08:02 534597                     /var/cache/fontconfig/365b55f210c0a22e9a19e35191240f32-le64.cache-4
7fae940af000-7fae940b3000 r--s 00000000 08:02 524523                     /var/cache/fontconfig/c57959a16110560c8d0fcea73374aeeb-le64.cache-4
7fae940b3000-7fae940ba000 r--s 00000000 08:02 524502                     /var/cache/fontconfig/3047814df9a2f067bd2d96a2b9c36e5a-le64.cache-4
7fae940ba000-7fae940c0000 r--s 00000000 08:02 524520                     /var/cache/fontconfig/b47c4e1ecd0709278f4910c18777a504-le64.cache-4
7fae940c0000-7fae940c9000 r--s 00000000 08:02 534437                     /var/cache/fontconfig/52f7bdb7ce746bfd7eaa1985bd9cfa93-le64.cache-4
7fae940c9000-7fae940cc000 ---p 00000000 00:00 0 
7fae940cc000-7fae941ca000 rw-p 00000000 00:00 0                          [stack:17199]
7fae941ca000-7fae941d9000 r-xp 00000000 08:02 3154372                    /usr/lib/x86_64-linux-gnu/libXi.so.6.1.0
7fae941d9000-7fae943d8000 ---p 0000f000 08:02 3154372                    /usr/lib/x86_64-linux-gnu/libXi.so.6.1.0
7fae943d8000-7fae943d9000 r--p 0000e000 08:02 3154372                    /usr/lib/x86_64-linux-gnu/libXi.so.6.1.0
7fae943d9000-7fae943da000 rw-p 0000f000 08:02 3154372                    /usr/lib/x86_64-linux-gnu/libXi.so.6.1.0
7fae943da000-7fae943df000 r-xp 00000000 08:02 3154392                    /usr/lib/x86_64-linux-gnu/libXtst.so.6.1.0
7fae943df000-7fae945de000 ---p 00005000 08:02 3154392                    /usr/lib/x86_64-linux-gnu/libXtst.so.6.1.0
7fae945de000-7fae945df000 r--p 00004000 08:02 3154392                    /usr/lib/x86_64-linux-gnu/libXtst.so.6.1.0
7fae945df000-7fae945e0000 rw-p 00005000 08:02 3154392                    /usr/lib/x86_64-linux-gnu/libXtst.so.6.1.0
7fae945e0000-7fae945e9000 r-xp 00000000 08:02 3154386                    /usr/lib/x86_64-linux-gnu/libXrender.so.1.3.0
7fae945e9000-7fae947e8000 ---p 00009000 08:02 3154386                    /usr/lib/x86_64-linux-gnu/libXrender.so.1.3.0
7fae947e8000-7fae947e9000 r--p 00008000 08:02 3154386                    /usr/lib/x86_64-linux-gnu/libXrender.so.1.3.0
7fae947e9000-7fae947ea000 rw-p 00009000 08:02 3154386                    /usr/lib/x86_64-linux-gnu/libXrender.so.1.3.0
7fae947ea000-7fae9491a000 r-xp 00000000 08:02 3154349                    /usr/lib/x86_64-linux-gnu/libX11.so.6.3.0
7fae9491a000-7fae94b1a000 ---p 00130000 08:02 3154349                    /usr/lib/x86_64-linux-gnu/libX11.so.6.3.0
7fae94b1a000-7fae94b1b000 r--p 00130000 08:02 3154349                    /usr/lib/x86_64-linux-gnu/libX11.so.6.3.0
7fae94b1b000-7fae94b1f000 rw-p 00131000 08:02 3154349                    /usr/lib/x86_64-linux-gnu/libX11.so.6.3.0
7fae94b1f000-7fae94b30000 r-xp 00000000 08:02 3154364                    /usr/lib/x86_64-linux-gnu/libXext.so.6.4.0
7fae94b30000-7fae94d2f000 ---p 00011000 08:02 3154364                    /usr/lib/x86_64-linux-gnu/libXext.so.6.4.0
7fae94d2f000-7fae94d30000 r--p 00010000 08:02 3154364                    /usr/lib/x86_64-linux-gnu/libXext.so.6.4.0
7fae94d30000-7fae94d31000 rw-p 00011000 08:02 3154364                    /usr/lib/x86_64-linux-gnu/libXext.so.6.4.0
7fae94d31000-7fae94d34000 r--s 00000000 08:02 524514                     /var/cache/fontconfig/8801497958630a81b71ace7c5f9b32a8-le64.cache-4
7fae94d34000-7fae94d47000 r--s 00000000 08:02 524527                     /var/cache/fontconfig/d52a8644073d54c13679302ca1180695-le64.cache-4
7fae94d47000-7fae94d53000 r--s 00000000 08:02 534594                     /var/cache/fontconfig/d589a48862398ed80a3d6066f4f56f4c-le64.cache-4
7fae94d53000-7fae94da3000 r-xp 00000000 08:02 1836887                    /home/beatsleigher/jdk1.7.0_51/jre/lib/amd64/xawt/libmawt.so
7fae94da3000-7fae94fa3000 ---p 00050000 08:02 1836887                    /home/beatsleigher/jdk1.7.0_51/jre/lib/amd64/xawt/libmawt.so
7fae94fa3000-7fae94fa7000 rw-p 00050000 08:02 1836887                    /home/beatsleigher/jdk1.7.0_51/jre/lib/amd64/xawt/libmawt.so
7fae94fa7000-7fae94fa8000 rw-p 00000000 00:00 0 
7fae94fa8000-7fae9504a000 r-xp 00000000 08:02 1837298                    /home/beatsleigher/jdk1.7.0_51/jre/lib/amd64/libawt.so
7fae9504a000-7fae9524a000 ---p 000a2000 08:02 1837298                    /home/beatsleigher/jdk1.7.0_51/jre/lib/amd64/libawt.so
7fae9524a000-7fae95256000 rw-p 000a2000 08:02 1837298                    /home/beatsleigher/jdk1.7.0_51/jre/lib/amd64/libawt.so
7fae95256000-7fae9527a000 rw-p 00000000 00:00 0 
7fae9527a000-7fae9527b000 ---p 00000000 00:00 0 
7fae9527b000-7fae9537b000 rw-p 00000000 00:00 0                          [stack:17196]
7fae9537b000-7fae9537e000 ---p 00000000 00:00 0 
7fae9537e000-7fae9547c000 rw-p 00000000 00:00 0                          [stack:17195]
7fae9547c000-7fae9547f000 ---p 00000000 00:00 0 
7fae9547f000-7fae9557d000 rw-p 00000000 00:00 0                          [stack:17194]
7fae9557d000-7fae95580000 ---p 00000000 00:00 0 
7fae95580000-7fae9567e000 rw-p 00000000 00:00 0                          [stack:17193]
7fae9567e000-7fae95681000 ---p 00000000 00:00 0 
7fae95681000-7fae9577f000 rw-p 00000000 00:00 0                          [stack:17192]
7fae9577f000-7fae95bb7000 r--p 00000000 08:02 3153208                    /usr/lib/locale/locale-archive
7fae95bb7000-7fae95bba000 ---p 00000000 00:00 0 
7fae95bba000-7fae95cb8000 rw-p 00000000 00:00 0                          [stack:17190]
7fae95cb8000-7fae95cbb000 ---p 00000000 00:00 0 
7fae95cbb000-7fae95db9000 rw-p 00000000 00:00 0                          [stack:17189]
7fae95db9000-7fae95dba000 ---p 00000000 00:00 0 
7fae95dba000-7fae96871000 rw-p 00000000 00:00 0                          [stack:17188]
7fae96871000-7fae96a2e000 r--s 039bf000 08:02 1837503                    /home/beatsleigher/jdk1.7.0_51/jre/lib/rt.jar
7fae96a2e000-7fae98dfe000 rw-p 00000000 00:00 0 
7fae98dfe000-7fae98dff000 ---p 00000000 00:00 0 
7fae98dff000-7fae98eff000 rw-p 00000000 00:00 0                          [stack:17187]
7fae98eff000-7fae98f00000 ---p 00000000 00:00 0 
7fae98f00000-7fae99000000 rw-p 00000000 00:00 0                          [stack:17186]
7fae99000000-7fae99270000 rwxp 00000000 00:00 0 
7fae99270000-7fae9c1a6000 rw-p 00000000 00:00 0 
7fae9c1a6000-7faea0000000 ---p 00000000 00:00 0 
7faea0000000-7faea0001000 r--s 00000000 08:02 526377                     /var/cache/fontconfig/4794a0821666d79190d59a36cb4f44b5-le64.cache-4
7faea0001000-7faea0034000 rw-p 00000000 00:00 0 
7faea0034000-7faea0052000 rw-p 00000000 00:00 0 
7faea0052000-7faea0067000 rw-p 00000000 00:00 0 
7faea0067000-7faea0196000 rw-p 00000000 00:00 0 
7faea0196000-7faea01a1000 rw-p 00000000 00:00 0 
7faea01a1000-7faea01bf000 rw-p 00000000 00:00 0 
7faea01bf000-7faea01d4000 rw-p 00000000 00:00 0 
7faea01d4000-7faea0303000 rw-p 00000000 00:00 0 
7faea0303000-7faea030e000 rw-p 00000000 00:00 0 
7faea030e000-7faea03a5000 rw-p 00000000 00:00 0 
7faea03a5000-7faea03a6000 rw-p 00000000 00:00 0 
7faea03a6000-7faea03c0000 r-xp 00000000 08:02 1837294                    /home/beatsleigher/jdk1.7.0_51/jre/lib/amd64/libzip.so
7faea03c0000-7faea05c0000 ---p 0001a000 08:02 1837294                    /home/beatsleigher/jdk1.7.0_51/jre/lib/amd64/libzip.so
7faea05c0000-7faea05c1000 rw-p 0001a000 08:02 1837294                    /home/beatsleigher/jdk1.7.0_51/jre/lib/amd64/libzip.so
7faea05c1000-7faea05cd000 r-xp 00000000 08:02 4460496                    /lib/x86_64-linux-gnu/libnss_files-2.17.so
7faea05cd000-7faea07cc000 ---p 0000c000 08:02 4460496                    /lib/x86_64-linux-gnu/libnss_files-2.17.so
7faea07cc000-7faea07cd000 r--p 0000b000 08:02 4460496                    /lib/x86_64-linux-gnu/libnss_files-2.17.so
7faea07cd000-7faea07ce000 rw-p 0000c000 08:02 4460496                    /lib/x86_64-linux-gnu/libnss_files-2.17.so
7faea07ce000-7faea07d9000 r-xp 00000000 08:02 4460500                    /lib/x86_64-linux-gnu/libnss_nis-2.17.so
7faea07d9000-7faea09d8000 ---p 0000b000 08:02 4460500                    /lib/x86_64-linux-gnu/libnss_nis-2.17.so
7faea09d8000-7faea09d9000 r--p 0000a000 08:02 4460500                    /lib/x86_64-linux-gnu/libnss_nis-2.17.so
7faea09d9000-7faea09da000 rw-p 0000b000 08:02 4460500                    /lib/x86_64-linux-gnu/libnss_nis-2.17.so
7faea09da000-7faea09f1000 r-xp 00000000 08:02 4460490                    /lib/x86_64-linux-gnu/libnsl-2.17.so
7faea09f1000-7faea0bf0000 ---p 00017000 08:02 4460490                    /lib/x86_64-linux-gnu/libnsl-2.17.so
7faea0bf0000-7faea0bf1000 r--p 00016000 08:02 4460490                    /lib/x86_64-linux-gnu/libnsl-2.17.so
7faea0bf1000-7faea0bf2000 rw-p 00017000 08:02 4460490                    /lib/x86_64-linux-gnu/libnsl-2.17.so
7faea0bf2000-7faea0bf4000 rw-p 00000000 00:00 0 
7faea0bf4000-7faea0bfc000 r-xp 00000000 08:02 4460492                    /lib/x86_64-linux-gnu/libnss_compat-2.17.so
7faea0bfc000-7faea0dfb000 ---p 00008000 08:02 4460492                    /lib/x86_64-linux-gnu/libnss_compat-2.17.so
7faea0dfb000-7faea0dfc000 r--p 00007000 08:02 4460492                    /lib/x86_64-linux-gnu/libnss_compat-2.17.so
7faea0dfc000-7faea0dfd000 rw-p 00008000 08:02 4460492                    /lib/x86_64-linux-gnu/libnss_compat-2.17.so
7faea0dfd000-7faea0e26000 r-xp 00000000 08:02 1837227                    /home/beatsleigher/jdk1.7.0_51/jre/lib/amd64/libjava.so
7faea0e26000-7faea1026000 ---p 00029000 08:02 1837227                    /home/beatsleigher/jdk1.7.0_51/jre/lib/amd64/libjava.so
7faea1026000-7faea1028000 rw-p 00029000 08:02 1837227                    /home/beatsleigher/jdk1.7.0_51/jre/lib/amd64/libjava.so
7faea1028000-7faea1035000 r-xp 00000000 08:02 1837086                    /home/beatsleigher/jdk1.7.0_51/jre/lib/amd64/libverify.so
7faea1035000-7faea1234000 ---p 0000d000 08:02 1837086                    /home/beatsleigher/jdk1.7.0_51/jre/lib/amd64/libverify.so
7faea1234000-7faea1236000 rw-p 0000c000 08:02 1837086                    /home/beatsleigher/jdk1.7.0_51/jre/lib/amd64/libverify.so
7faea1236000-7faea123d000 r-xp 00000000 08:02 4460543                    /lib/x86_64-linux-gnu/librt-2.17.so
7faea123d000-7faea143c000 ---p 00007000 08:02 4460543                    /lib/x86_64-linux-gnu/librt-2.17.so
7faea143c000-7faea143d000 r--p 00006000 08:02 4460543                    /lib/x86_64-linux-gnu/librt-2.17.so
7faea143d000-7faea143e000 rw-p 00007000 08:02 4460543                    /lib/x86_64-linux-gnu/librt-2.17.so
7faea143e000-7faea1541000 r-xp 00000000 08:02 4460471                    /lib/x86_64-linux-gnu/libm-2.17.so
7faea1541000-7faea1740000 ---p 00103000 08:02 4460471                    /lib/x86_64-linux-gnu/libm-2.17.so
7faea1740000-7faea1741000 r--p 00102000 08:02 4460471                    /lib/x86_64-linux-gnu/libm-2.17.so
7faea1741000-7faea1742000 rw-p 00103000 08:02 4460471                    /lib/x86_64-linux-gnu/libm-2.17.so
7faea1742000-7faea22a4000 r-xp 00000000 08:02 1836845                    /home/beatsleigher/jdk1.7.0_51/jre/lib/amd64/server/libjvm.so
7faea22a4000-7faea24a4000 ---p 00b62000 08:02 1836845                    /home/beatsleigher/jdk1.7.0_51/jre/lib/amd64/server/libjvm.so
7faea24a4000-7faea2567000 rw-p 00b62000 08:02 1836845                    /home/beatsleigher/jdk1.7.0_51/jre/lib/amd64/server/libjvm.so
7faea2567000-7faea25a8000 rw-p 00000000 00:00 0 
7faea25a8000-7faea2765000 r-xp 00000000 08:02 4460420                    /lib/x86_64-linux-gnu/libc-2.17.so
7faea2765000-7faea2965000 ---p 001bd000 08:02 4460420                    /lib/x86_64-linux-gnu/libc-2.17.so
7faea2965000-7faea2969000 r--p 001bd000 08:02 4460420                    /lib/x86_64-linux-gnu/libc-2.17.so
7faea2969000-7faea296b000 rw-p 001c1000 08:02 4460420                    /lib/x86_64-linux-gnu/libc-2.17.so
7faea296b000-7faea2970000 rw-p 00000000 00:00 0 
7faea2970000-7faea2973000 r-xp 00000000 08:02 4460435                    /lib/x86_64-linux-gnu/libdl-2.17.so
7faea2973000-7faea2b72000 ---p 00003000 08:02 4460435                    /lib/x86_64-linux-gnu/libdl-2.17.so
7faea2b72000-7faea2b73000 r--p 00002000 08:02 4460435                    /lib/x86_64-linux-gnu/libdl-2.17.so
7faea2b73000-7faea2b74000 rw-p 00003000 08:02 4460435                    /lib/x86_64-linux-gnu/libdl-2.17.so
7faea2b74000-7faea2b8a000 r-xp 00000000 08:02 1837302                    /home/beatsleigher/jdk1.7.0_51/lib/amd64/jli/libjli.so
7faea2b8a000-7faea2d8a000 ---p 00016000 08:02 1837302                    /home/beatsleigher/jdk1.7.0_51/lib/amd64/jli/libjli.so
7faea2d8a000-7faea2d8b000 rw-p 00016000 08:02 1837302                    /home/beatsleigher/jdk1.7.0_51/lib/amd64/jli/libjli.so
7faea2d8b000-7faea2da2000 r-xp 00000000 08:02 4460535                    /lib/x86_64-linux-gnu/libpthread-2.17.so
7faea2da2000-7faea2fa2000 ---p 00017000 08:02 4460535                    /lib/x86_64-linux-gnu/libpthread-2.17.so
7faea2fa2000-7faea2fa3000 r--p 00017000 08:02 4460535                    /lib/x86_64-linux-gnu/libpthread-2.17.so
7faea2fa3000-7faea2fa4000 rw-p 00018000 08:02 4460535                    /lib/x86_64-linux-gnu/libpthread-2.17.so
7faea2fa4000-7faea2fa8000 rw-p 00000000 00:00 0 
7faea2fa8000-7faea2fcb000 r-xp 00000000 08:02 4460394                    /lib/x86_64-linux-gnu/ld-2.17.so
7faea2fcb000-7faea2fcc000 r--s 00000000 08:02 524507                     /var/cache/fontconfig/56cf4f4769d0f4abc89a4895d7bd3ae1-le64.cache-4
7faea2fcc000-7faea2fcd000 r--s 00000000 08:02 524521                     /var/cache/fontconfig/b9d506c9ac06c20b433354fa67a72993-le64.cache-4
7faea2fcd000-7faea2fd6000 r--s 00000000 08:02 524531                     /var/cache/fontconfig/3f7329c5293ffd510edef78f73874cfd-le64.cache-4
7faea2fd6000-7faea2fd7000 r--s 00000000 08:02 524496                     /var/cache/fontconfig/0c9eb80ebd1c36541ebe2852d3bb0c49-le64.cache-4
7faea2fd7000-7faea2fda000 r--s 00000000 08:02 534436                     /var/cache/fontconfig/e13b20fdb08344e0e664864cc2ede53d-le64.cache-4
7faea2fda000-7faea2fdb000 r--s 00000000 08:02 1842816                    /home/beatsleigher/.cache/fontconfig/0d0222ddcd08c13b992f7c042c6a56e3-le64.cache-4
7faea2fdb000-7faea2fdc000 r--s 00000000 08:02 1842817                    /home/beatsleigher/.cache/fontconfig/2766956a2bbf3c55f9893526092443df-le64.cache-4
7faea2fdc000-7faea2fdd000 r--s 00000000 08:02 524506                     /var/cache/fontconfig/e4e854e19093b3a10d48c1d28c821416-le64.cache-4
7faea2fdd000-7faea2fe1000 r--s 00000000 08:02 534596                     /var/cache/fontconfig/7ef2298fde41cc6eeb7af42e48b7d293-le64.cache-4
7faea2fe1000-7faea2feb000 rw-p 00000000 00:00 0 
7faea2feb000-7faea30a1000 rw-p 00000000 00:00 0 
7faea30a1000-7faea30a4000 ---p 00000000 00:00 0 
7faea30a4000-7faea31a6000 rw-p 00000000 00:00 0                          [stack:17183]
7faea31a6000-7faea31a7000 r--s 00000000 08:02 4081570                    /home/beatsleigher/netbeans-8.0beta/java/modules/ext/AbsoluteLayout.jar
7faea31a7000-7faea31a9000 r--s 0001e000 08:02 3810802                    /home/beatsleigher/Downloads/zip4j_1.3.2.jar
7faea31a9000-7faea31be000 rw-p 00000000 00:00 0 
7faea31be000-7faea31c6000 rw-s 00000000 08:02 3810959                    /tmp/hsperfdata_beatsleigher/17180
7faea31c6000-7faea31c7000 rw-p 00000000 00:00 0 
7faea31c7000-7faea31c8000 r--p 00000000 00:00 0 
7faea31c8000-7faea31ca000 rw-p 00000000 00:00 0 
7faea31ca000-7faea31cb000 r--p 00022000 08:02 4460394                    /lib/x86_64-linux-gnu/ld-2.17.so
7faea31cb000-7faea31cd000 rw-p 00023000 08:02 4460394                    /lib/x86_64-linux-gnu/ld-2.17.so
7fff91cde000-7fff91cff000 rw-p 00000000 00:00 0                          [stack]
7fff91dad000-7fff91daf000 r-xp 00000000 00:00 0                          [vdso]
ffffffffff600000-ffffffffff601000 r-xp 00000000 00:00 0                  [vsyscall]

VM Arguments:
jvm_args: -Dfile.encoding=UTF-8 
java_command: eu.m4gkbeatz.androidtoolkit.main.Main
Launcher Type: SUN_STANDARD

Environment Variables:
PATH=/home/beatsleigher/bin:/usr/lib/lightdm/lightdm:/usr/local/sbin:/usr/local/bin:/usr/sbin:/usr/bin:/sbin:/bin:/usr/games:/usr/local/games
LD_LIBRARY_PATH=/home/beatsleigher/jdk1.7.0_51/jre/lib/amd64:/home/beatsleigher/jdk1.7.0_51/jre/lib/i386:
SHELL=/bin/bash
DISPLAY=:0

Signal Handlers:
SIGSEGV: [libjvm.so+0x993870], sa_mask[0]=0x7ffbfeff, sa_flags=0x10000004
SIGBUS: [libjvm.so+0x993870], sa_mask[0]=0x7ffbfeff, sa_flags=0x10000004
SIGFPE: [libjvm.so+0x8105b0], sa_mask[0]=0x7ffbfeff, sa_flags=0x10000004
SIGPIPE: SIG_IGN, sa_mask[0]=0x00001000, sa_flags=0x10000000
SIGXFSZ: [libjvm.so+0x8105b0], sa_mask[0]=0x7ffbfeff, sa_flags=0x10000004
SIGILL: [libjvm.so+0x8105b0], sa_mask[0]=0x7ffbfeff, sa_flags=0x10000004
SIGUSR1: SIG_DFL, sa_mask[0]=0x00000000, sa_flags=0x00000000
SIGUSR2: [libjvm.so+0x811aa0], sa_mask[0]=0x00000004, sa_flags=0x10000004
SIGHUP: [libjvm.so+0x812a10], sa_mask[0]=0x7ffbfeff, sa_flags=0x10000004
SIGINT: SIG_IGN, sa_mask[0]=0x00000000, sa_flags=0x00000000
SIGTERM: [libjvm.so+0x812a10], sa_mask[0]=0x7ffbfeff, sa_flags=0x10000004
SIGQUIT: [libjvm.so+0x812a10], sa_mask[0]=0x7ffbfeff, sa_flags=0x10000004


---------------  S Y S T E M  ---------------

OS:wheezy/sid

uname:Linux 3.11.0-15-generic #25-Ubuntu SMP Thu Jan 30 17:22:01 UTC 2014 x86_64
libc:glibc 2.17 NPTL 2.17 
rlimit: STACK 8192k, CORE 0k, NPROC 30877, NOFILE 4096, AS infinity
load average:5,42 4,75 4,47

/proc/meminfo:
MemTotal:        3980388 kB
MemFree:          110096 kB
Buffers:           19384 kB
Cached:           880772 kB
SwapCached:         1968 kB
Active:          2549064 kB
Inactive:        1020788 kB
Active(anon):    2270788 kB
Inactive(anon):   748208 kB
Active(file):     278276 kB
Inactive(file):   272580 kB
Unevictable:          32 kB
Mlocked:              32 kB
SwapTotal:       3999996 kB
SwapFree:        3986988 kB
Dirty:              3256 kB
Writeback:             0 kB
AnonPages:       2667924 kB
Mapped:           325636 kB
Shmem:            349104 kB
Slab:             203088 kB
SReclaimable:     153832 kB
SUnreclaim:        49256 kB
KernelStack:        5664 kB
PageTables:        44688 kB
NFS_Unstable:          0 kB
Bounce:                0 kB
WritebackTmp:          0 kB
CommitLimit:     5990188 kB
Committed_AS:    5946588 kB
VmallocTotal:   34359738367 kB
VmallocUsed:      547912 kB
VmallocChunk:   34359186012 kB
HardwareCorrupted:     0 kB
AnonHugePages:         0 kB
HugePages_Total:       0
HugePages_Free:        0
HugePages_Rsvd:        0
HugePages_Surp:        0
Hugepagesize:       2048 kB
DirectMap4k:       52520 kB
DirectMap2M:     4073472 kB


CPU:total 2 (2 cores per cpu, 1 threads per core) family 6 model 23 stepping 10, cmov, cx8, fxsr, mmx, sse, sse2, sse3, ssse3, tsc

/proc/cpuinfo:
processor	: 0
vendor_id	: GenuineIntel
cpu family	: 6
model		: 23
model name	: Pentium(R) Dual-Core CPU       T4300  @ 2.10GHz
stepping	: 10
microcode	: 0xa04
cpu MHz		: 2100.000
cache size	: 1024 KB
physical id	: 0
siblings	: 2
core id		: 0
cpu cores	: 2
apicid		: 0
initial apicid	: 0
fpu		: yes
fpu_exception	: yes
cpuid level	: 13
wp		: yes
flags		: fpu vme de pse tsc msr pae mce cx8 apic sep mtrr pge mca cmov pat pse36 clflush dts acpi mmx fxsr sse sse2 ss ht tm pbe syscall nx lm constant_tsc arch_perfmon pebs bts rep_good nopl aperfmperf pni dtes64 monitor ds_cpl est tm2 ssse3 cx16 xtpr pdcm xsave lahf_lm dtherm
bogomips	: 4189.36
clflush size	: 64
cache_alignment	: 64
address sizes	: 36 bits physical, 48 bits virtual
power management:

processor	: 1
vendor_id	: GenuineIntel
cpu family	: 6
model		: 23
model name	: Pentium(R) Dual-Core CPU       T4300  @ 2.10GHz
stepping	: 10
microcode	: 0xa04
cpu MHz		: 2100.000
cache size	: 1024 KB
physical id	: 0
siblings	: 2
core id		: 1
cpu cores	: 2
apicid		: 1
initial apicid	: 1
fpu		: yes
fpu_exception	: yes
cpuid level	: 13
wp		: yes
flags		: fpu vme de pse tsc msr pae mce cx8 apic sep mtrr pge mca cmov pat pse36 clflush dts acpi mmx fxsr sse sse2 ss ht tm pbe syscall nx lm constant_tsc arch_perfmon pebs bts rep_good nopl aperfmperf pni dtes64 monitor ds_cpl est tm2 ssse3 cx16 xtpr pdcm xsave lahf_lm dtherm
bogomips	: 4189.36
clflush size	: 64
cache_alignment	: 64
address sizes	: 36 bits physical, 48 bits virtual
power management:



Memory: 4k page, physical 3980388k(110096k free), swap 3999996k(3986988k free)

vm_info: Java HotSpot(TM) 64-Bit Server VM (24.51-b03) for linux-amd64 JRE (1.7.0_51-b13), built on Dec 18 2013 18:48:01 by "java_re" with gcc 4.3.0 20080428 (Red Hat 4.3.0-8)

time: Mon Mar 10 02:23:35 2014
elapsed time: 12 seconds

